<?xml version="1.0" encoding="UTF-8"?>
<!-- Generated by org.testng.reporters.JUnitReportReporter -->
<testsuite hostname="MYSHEC140135L" name="electWise.EWBase" tests="1" failures="0" timestamp="14 Feb 2019 20:02:47 GMT" time="12.299" errors="0">
  <testcase name="Ew_AboutUs" time="12.299" classname="electWise.EWBase"/>
</testsuite> <!-- electWise.EWBase -->
